D:\STL\LEARSTL\MYSTRING\DEBUG\MYSTRING.OBJ
D:\STL\LEARSTL\MYSTRING\DEBUG\MYSTRINGMAIN.OBJ
D:\STL\LEARSTL\MYSTRING\DEBUG\VC110.PDB
D:\STL\LEARSTL\DEBUG\MYSTRING.ILK
D:\STL\LEARSTL\DEBUG\MYSTRING.EXE
D:\STL\LEARSTL\DEBUG\MYSTRING.PDB
D:\STL\LearSTL\MyString\Debug\MyString.obj
D:\STL\LearSTL\MyString\Debug\MyStringMain.obj
D:\STL\LearSTL\MyString\Debug\cl.command.1.tlog
D:\STL\LearSTL\MyString\Debug\CL.read.1.tlog
D:\STL\LearSTL\MyString\Debug\CL.write.1.tlog
D:\STL\LearSTL\MyString\Debug\link-cvtres.read.1.tlog
D:\STL\LearSTL\MyString\Debug\link-cvtres.write.1.tlog
D:\STL\LearSTL\MyString\Debug\link-rc.read.1.tlog
D:\STL\LearSTL\MyString\Debug\link-rc.write.1.tlog
D:\STL\LearSTL\MyString\Debug\link.command.1.tlog
D:\STL\LearSTL\MyString\Debug\link.read.1.tlog
D:\STL\LearSTL\MyString\Debug\link.write.1.tlog
D:\STL\LearSTL\MyString\Debug\vc110.idb
D:\STL\LearSTL\MyString\Debug\vc110.pdb
D:\STL\LearSTL\Debug\MyString.pdb
D:\STL\LearSTL\Debug\MyString.exe
D:\STL\LearSTL\Debug\MyString.ilk
