生成启动时间为 2019/2/26 21:40:53。
     1>项目“D:\STL\LearSTL\MyString\MyString.vcxproj”在节点 2 上(Rebuild 个目标)。
     1>ClCompile:
         D:\Program Files (x86)\Microsoft Visual Studio 11.0\VC\bin\CL.exe /c /ZI /nologo /W3 /WX- /Od /Oy- /D WIN32 /D _DEBUG /D _CONSOLE /D _UNICODE /D UNICODE /Gm /EHsc /RTC1 /MDd /GS /fp:precise /Zc:wchar_t /Zc:forScope /Fo"Debug\\" /Fd"Debug\vc110.pdb" /Gd /TP /analyze- /errorReport:prompt MyString.cpp MyStringMain.cpp
         MyStringMain.cpp
     1>d:\stl\learstl\mystring\mystringmain.cpp(101): warning C4996: 'std::basic_string<_Elem,_Traits,_Alloc>::copy': Function call with parameters that may be unsafe - this call relies on the caller to check that the passed values are correct. To disable this warning, use -D_SCL_SECURE_NO_WARNINGS. See documentation on how to use Visual C++ 'Checked Iterators'
                 with
                 [
                     _Elem=char,
                     _Traits=std::char_traits<char>,
                     _Alloc=std::allocator<char>
                 ]
                 d:\program files (x86)\microsoft visual studio 11.0\vc\include\xstring(1777) : 参见“std::basic_string<_Elem,_Traits,_Alloc>::copy”的声明
                 with
                 [
                     _Elem=char,
                     _Traits=std::char_traits<char>,
                     _Alloc=std::allocator<char>
                 ]
         MyString.cpp
         正在生成代码...
       Link:
         D:\Program Files (x86)\Microsoft Visual Studio 11.0\VC\bin\link.exe /ERRORREPORT:PROMPT /OUT:"D:\STL\LearSTL\Debug\MyString.exe" /INCREMENTAL /NOLOGO kernel32.lib user32.lib gdi32.lib winspool.lib comdlg32.lib advapi32.lib shell32.lib ole32.lib oleaut32.lib uuid.lib odbc32.lib odbccp32.lib /MANIFEST /MANIFESTUAC:"level='asInvoker' uiAccess='false'" /manifest:embed /DEBUG /PDB:"D:\STL\LearSTL\Debug\MyString.pdb" /SUBSYSTEM:CONSOLE /TLBID:1 /DYNAMICBASE /NXCOMPAT /IMPLIB:"D:\STL\LearSTL\Debug\MyString.lib" /MACHINE:X86 Debug\MyString.obj
         Debug\MyStringMain.obj
         MyString.vcxproj -> D:\STL\LearSTL\Debug\MyString.exe
     1>已完成生成项目“D:\STL\LearSTL\MyString\MyString.vcxproj”(Rebuild 个目标)的操作。

生成成功。

已用时间 00:00:01.65
